# JRE version: OpenJDK Runtime Environment (8.0_242-b01) (build 1.8.0_242-release-1644-b01)
# Java VM: OpenJDK 64-Bit Server VM (25.242-b01 mixed mode windows-amd64 compressed oops)
Heap:
 PSYoungGen      total 224768K, used 133122K [0x00000000e0000000, 0x00000000f0880000, 0x0000000100000000)
  eden space 207872K, 57% used [0x00000000e0000000,0x00000000e747e490,0x00000000ecb00000)
  from space 16896K, 81% used [0x00000000ecb00000,0x00000000ed882390,0x00000000edb80000)
  to   space 18432K, 0% used [0x00000000ef680000,0x00000000ef680000,0x00000000f0880000)
 ParOldGen       total 87040K, used 15696K [0x00000000a0000000, 0x00000000a5500000, 0x00000000e0000000)
  object space 87040K, 18% used [0x00000000a0000000,0x00000000a0f54080,0x00000000a5500000)
 Metaspace       used 46761K, capacity 48170K, committed 48384K, reserved 1091584K
  class space    used 6046K, capacity 6388K, committed 6400K, reserved 1048576K
GC Heap History (10 events):
Event: 3.809 GC heap before
{Heap before GC invocations=7 (full 1):
 PSYoungGen      total 138240K, used 133120K [0x00000000e0000000, 0x00000000e8c00000, 0x0000000100000000)
  eden space 133120K, 100% used [0x00000000e0000000,0x00000000e8200000,0x00000000e8200000)
  from space 5120K, 0% used [0x00000000e8200000,0x00000000e8200000,0x00000000e8700000)
  to   space 5120K, 0% used [0x00000000e8700000,0x00000000e8700000,0x00000000e8c00000)
 ParOldGen       total 57856K, used 7867K [0x00000000a0000000, 0x00000000a3880000, 0x00000000e0000000)
  object space 57856K, 13% used [0x00000000a0000000,0x00000000a07aeeb8,0x00000000a3880000)
 Metaspace       used 33420K, capacity 34178K, committed 34432K, reserved 1079296K
  class space    used 4494K, capacity 4733K, committed 4736K, reserved 1048576K
Event: 3.828 GC heap after
Heap after GC invocations=7 (full 1):
 PSYoungGen      total 126464K, used 5092K [0x00000000e0000000, 0x00000000f0000000, 0x0000000100000000)
  eden space 121344K, 0% used [0x00000000e0000000,0x00000000e0000000,0x00000000e7680000)
  from space 5120K, 99% used [0x00000000e8700000,0x00000000e8bf90c0,0x00000000e8c00000)
  to   space 16896K, 0% used [0x00000000e7680000,0x00000000e7680000,0x00000000e8700000)
 ParOldGen       total 57856K, used 17283K [0x00000000a0000000, 0x00000000a3880000, 0x00000000e0000000)
  object space 57856K, 29% used [0x00000000a0000000,0x00000000a10e0d78,0x00000000a3880000)
 Metaspace       used 33420K, capacity 34178K, committed 34432K, reserved 1079296K
  class space    used 4494K, capacity 4733K, committed 4736K, reserved 1048576K
}
Event: 3.986 GC heap before
{Heap before GC invocations=8 (full 1):
 PSYoungGen      total 126464K, used 25888K [0x00000000e0000000, 0x00000000f0000000, 0x0000000100000000)
  eden space 121344K, 17% used [0x00000000e0000000,0x00000000e144f130,0x00000000e7680000)
  from space 5120K, 99% used [0x00000000e8700000,0x00000000e8bf90c0,0x00000000e8c00000)
  to   space 16896K, 0% used [0x00000000e7680000,0x00000000e7680000,0x00000000e8700000)
 ParOldGen       total 57856K, used 17283K [0x00000000a0000000, 0x00000000a3880000, 0x00000000e0000000)
  object space 57856K, 29% used [0x00000000a0000000,0x00000000a10e0d78,0x00000000a3880000)
 Metaspace       used 34505K, capacity 35442K, committed 35496K, reserved 1079296K
  class space    used 4587K, capacity 4852K, committed 4864K, reserved 1048576K
Event: 3.994 GC heap after
Heap after GC invocations=8 (full 1):
 PSYoungGen      total 138240K, used 7078K [0x00000000e0000000, 0x00000000eef00000, 0x0000000100000000)
  eden space 121344K, 0% used [0x00000000e0000000,0x00000000e0000000,0x00000000e7680000)
  from space 16896K, 41% used [0x00000000e7680000,0x00000000e7d69800,0x00000000e8700000)
  to   space 15872K, 0% used [0x00000000edf80000,0x00000000edf80000,0x00000000eef00000)
 ParOldGen       total 57856K, used 17291K [0x00000000a0000000, 0x00000000a3880000, 0x00000000e0000000)
  object space 57856K, 29% used [0x00000000a0000000,0x00000000a10e2d78,0x00000000a3880000)
 Metaspace       used 34505K, capacity 35442K, committed 35496K, reserved 1079296K
  class space    used 4587K, capacity 4852K, committed 4864K, reserved 1048576K
}
Event: 3.994 GC heap before
{Heap before GC invocations=9 (full 2):
 PSYoungGen      total 138240K, used 7078K [0x00000000e0000000, 0x00000000eef00000, 0x0000000100000000)
  eden space 121344K, 0% used [0x00000000e0000000,0x00000000e0000000,0x00000000e7680000)
  from space 16896K, 41% used [0x00000000e7680000,0x00000000e7d69800,0x00000000e8700000)
  to   space 15872K, 0% used [0x00000000edf80000,0x00000000edf80000,0x00000000eef00000)
 ParOldGen       total 57856K, used 17291K [0x00000000a0000000, 0x00000000a3880000, 0x00000000e0000000)
  object space 57856K, 29% used [0x00000000a0000000,0x00000000a10e2d78,0x00000000a3880000)
 Metaspace       used 34505K, capacity 35442K, committed 35496K, reserved 1079296K
  class space    used 4587K, capacity 4852K, committed 4864K, reserved 1048576K
Event: 4.051 GC heap after
Heap after GC invocations=9 (full 2):
 PSYoungGen      total 138240K, used 0K [0x00000000e0000000, 0x00000000eef00000, 0x0000000100000000)
  eden space 121344K, 0% used [0x00000000e0000000,0x00000000e0000000,0x00000000e7680000)
  from space 16896K, 0% used [0x00000000e7680000,0x00000000e7680000,0x00000000e8700000)
  to   space 15872K, 0% used [0x00000000edf80000,0x00000000edf80000,0x00000000eef00000)
 ParOldGen       total 87040K, used 15608K [0x00000000a0000000, 0x00000000a5500000, 0x00000000e0000000)
  object space 87040K, 17% used [0x00000000a0000000,0x00000000a0f3e070,0x00000000a5500000)
 Metaspace       used 34459K, capacity 35338K, committed 35496K, reserved 1079296K
  class space    used 4576K, capacity 4840K, committed 4864K, reserved 1048576K
}
Event: 5.431 GC heap before
{Heap before GC invocations=10 (full 2):
 PSYoungGen      total 138240K, used 121344K [0x00000000e0000000, 0x00000000eef00000, 0x0000000100000000)
  eden space 121344K, 100% used [0x00000000e0000000,0x00000000e7680000,0x00000000e7680000)
  from space 16896K, 0% used [0x00000000e7680000,0x00000000e7680000,0x00000000e8700000)
  to   space 15872K, 0% used [0x00000000edf80000,0x00000000edf80000,0x00000000eef00000)
 ParOldGen       total 87040K, used 15608K [0x00000000a0000000, 0x00000000a5500000, 0x00000000e0000000)
  object space 87040K, 17% used [0x00000000a0000000,0x00000000a0f3e070,0x00000000a5500000)
 Metaspace       used 41777K, capacity 42844K, committed 43136K, reserved 1087488K
  class space    used 5583K, capacity 5891K, committed 6016K, reserved 1048576K
Event: 5.444 GC heap after
Heap after GC invocations=10 (full 2):
 PSYoungGen      total 197120K, used 12713K [0x00000000e0000000, 0x00000000eec00000, 0x0000000100000000)
  eden space 184320K, 0% used [0x00000000e0000000,0x00000000e0000000,0x00000000eb400000)
  from space 12800K, 99% used [0x00000000edf80000,0x00000000eebea500,0x00000000eec00000)
  to   space 16896K, 0% used [0x00000000ecb00000,0x00000000ecb00000,0x00000000edb80000)
 ParOldGen       total 87040K, used 15616K [0x00000000a0000000, 0x00000000a5500000, 0x00000000e0000000)
  object space 87040K, 17% used [0x00000000a0000000,0x00000000a0f40070,0x00000000a5500000)
 Metaspace       used 41777K, capacity 42844K, committed 43136K, reserved 1087488K
  class space    used 5583K, capacity 5891K, committed 6016K, reserved 1048576K
}
Event: 17.413 GC heap before
{Heap before GC invocations=11 (full 2):
 PSYoungGen      total 197120K, used 197033K [0x00000000e0000000, 0x00000000eec00000, 0x0000000100000000)
  eden space 184320K, 100% used [0x00000000e0000000,0x00000000eb400000,0x00000000eb400000)
  from space 12800K, 99% used [0x00000000edf80000,0x00000000eebea500,0x00000000eec00000)
  to   space 16896K, 0% used [0x00000000ecb00000,0x00000000ecb00000,0x00000000edb80000)
 ParOldGen       total 87040K, used 15616K [0x00000000a0000000, 0x00000000a5500000, 0x00000000e0000000)
  object space 87040K, 17% used [0x00000000a0000000,0x00000000a0f40070,0x00000000a5500000)
 Metaspace       used 46358K, capacity 47536K, committed 47872K, reserved 1091584K
  class space    used 5983K, capacity 6293K, committed 6400K, reserved 1048576K
Event: 17.422 GC heap after
Heap after GC invocations=11 (full 2):
 PSYoungGen      total 224768K, used 13832K [0x00000000e0000000, 0x00000000f0880000, 0x0000000100000000)
  eden space 207872K, 0% used [0x00000000e0000000,0x00000000e0000000,0x00000000ecb00000)
  from space 16896K, 81% used [0x00000000ecb00000,0x00000000ed882390,0x00000000edb80000)
  to   space 18432K, 0% used [0x00000000ef680000,0x00000000ef680000,0x00000000f0880000)
 ParOldGen       total 87040K, used 15696K [0x00000000a0000000, 0x00000000a5500000, 0x00000000e0000000)
  object space 87040K, 18% used [0x00000000a0000000,0x00000000a0f54080,0x00000000a5500000)
 Metaspace       used 46358K, capacity 47536K, committed 47872K, reserved 1091584K
  class space    used 5983K, capacity 6293K, committed 6400K, reserved 1048576K
}

