# JRE version: OpenJDK Runtime Environment (8.0_242-b01) (build 1.8.0_242-release-1644-b01)
# Java VM: OpenJDK 64-Bit Server VM (25.242-b01 mixed mode windows-amd64 compressed oops)
Heap:
 PSYoungGen      total 76800K, used 49109K [0x00000000e0000000, 0x00000000e5700000, 0x0000000100000000)
  eden space 66048K, 64% used [0x00000000e0000000,0x00000000e29b7340,0x00000000e4080000)
  from space 10752K, 59% used [0x00000000e4b80000,0x00000000e51be480,0x00000000e5600000)
  to   space 11264K, 0% used [0x00000000e4080000,0x00000000e4080000,0x00000000e4b80000)
 ParOldGen       total 61952K, used 15178K [0x00000000a0000000, 0x00000000a3c80000, 0x00000000e0000000)
  object space 61952K, 24% used [0x00000000a0000000,0x00000000a0ed2868,0x00000000a3c80000)
 Metaspace       used 39602K, capacity 40910K, committed 40960K, reserved 1085440K
  class space    used 5320K, capacity 5596K, committed 5632K, reserved 1048576K
GC Heap History (10 events):
Event: 2.591 GC heap before
{Heap before GC invocations=8 (full 1):
 PSYoungGen      total 76800K, used 66048K [0x00000000e0000000, 0x00000000e5700000, 0x0000000100000000)
  eden space 66048K, 100% used [0x00000000e0000000,0x00000000e4080000,0x00000000e4080000)
  from space 10752K, 0% used [0x00000000e4b80000,0x00000000e4b80000,0x00000000e5600000)
  to   space 11264K, 0% used [0x00000000e4080000,0x00000000e4080000,0x00000000e4b80000)
 ParOldGen       total 61952K, used 9825K [0x00000000a0000000, 0x00000000a3c80000, 0x00000000e0000000)
  object space 61952K, 15% used [0x00000000a0000000,0x00000000a09984a8,0x00000000a3c80000)
 Metaspace       used 28472K, capacity 29124K, committed 29312K, reserved 1075200K
  class space    used 3898K, capacity 4147K, committed 4224K, reserved 1048576K
Event: 2.598 GC heap after
Heap after GC invocations=8 (full 1):
 PSYoungGen      total 77312K, used 8047K [0x00000000e0000000, 0x00000000e5700000, 0x0000000100000000)
  eden space 66048K, 0% used [0x00000000e0000000,0x00000000e0000000,0x00000000e4080000)
  from space 11264K, 71% used [0x00000000e4080000,0x00000000e485bf40,0x00000000e4b80000)
  to   space 10752K, 0% used [0x00000000e4b80000,0x00000000e4b80000,0x00000000e5600000)
 ParOldGen       total 61952K, used 9833K [0x00000000a0000000, 0x00000000a3c80000, 0x00000000e0000000)
  object space 61952K, 15% used [0x00000000a0000000,0x00000000a099a4a8,0x00000000a3c80000)
 Metaspace       used 28472K, capacity 29124K, committed 29312K, reserved 1075200K
  class space    used 3898K, capacity 4147K, committed 4224K, reserved 1048576K
}
Event: 3.120 GC heap before
{Heap before GC invocations=9 (full 1):
 PSYoungGen      total 77312K, used 74095K [0x00000000e0000000, 0x00000000e5700000, 0x0000000100000000)
  eden space 66048K, 100% used [0x00000000e0000000,0x00000000e4080000,0x00000000e4080000)
  from space 11264K, 71% used [0x00000000e4080000,0x00000000e485bf40,0x00000000e4b80000)
  to   space 10752K, 0% used [0x00000000e4b80000,0x00000000e4b80000,0x00000000e5600000)
 ParOldGen       total 61952K, used 9833K [0x00000000a0000000, 0x00000000a3c80000, 0x00000000e0000000)
  object space 61952K, 15% used [0x00000000a0000000,0x00000000a099a4a8,0x00000000a3c80000)
 Metaspace       used 33395K, capacity 34114K, committed 34176K, reserved 1079296K
  class space    used 4499K, capacity 4733K, committed 4736K, reserved 1048576K
Event: 3.126 GC heap after
Heap after GC invocations=9 (full 1):
 PSYoungGen      total 76800K, used 10281K [0x00000000e0000000, 0x00000000e5700000, 0x0000000100000000)
  eden space 66048K, 0% used [0x00000000e0000000,0x00000000e0000000,0x00000000e4080000)
  from space 10752K, 95% used [0x00000000e4b80000,0x00000000e558a670,0x00000000e5600000)
  to   space 11264K, 0% used [0x00000000e4080000,0x00000000e4080000,0x00000000e4b80000)
 ParOldGen       total 61952K, used 9841K [0x00000000a0000000, 0x00000000a3c80000, 0x00000000e0000000)
  object space 61952K, 15% used [0x00000000a0000000,0x00000000a099c4a8,0x00000000a3c80000)
 Metaspace       used 33395K, capacity 34114K, committed 34176K, reserved 1079296K
  class space    used 4499K, capacity 4733K, committed 4736K, reserved 1048576K
}
Event: 3.252 GC heap before
{Heap before GC invocations=10 (full 1):
 PSYoungGen      total 76800K, used 27109K [0x00000000e0000000, 0x00000000e5700000, 0x0000000100000000)
  eden space 66048K, 25% used [0x00000000e0000000,0x00000000e106ef28,0x00000000e4080000)
  from space 10752K, 95% used [0x00000000e4b80000,0x00000000e558a670,0x00000000e5600000)
  to   space 11264K, 0% used [0x00000000e4080000,0x00000000e4080000,0x00000000e4b80000)
 ParOldGen       total 61952K, used 9841K [0x00000000a0000000, 0x00000000a3c80000, 0x00000000e0000000)
  object space 61952K, 15% used [0x00000000a0000000,0x00000000a099c4a8,0x00000000a3c80000)
 Metaspace       used 34542K, capacity 35442K, committed 35496K, reserved 1079296K
  class space    used 4591K, capacity 4852K, committed 4864K, reserved 1048576K
Event: 3.258 GC heap after
Heap after GC invocations=10 (full 1):
 PSYoungGen      total 77312K, used 7945K [0x00000000e0000000, 0x00000000e5700000, 0x0000000100000000)
  eden space 66048K, 0% used [0x00000000e0000000,0x00000000e0000000,0x00000000e4080000)
  from space 11264K, 70% used [0x00000000e4080000,0x00000000e4842538,0x00000000e4b80000)
  to   space 10752K, 0% used [0x00000000e4b80000,0x00000000e4b80000,0x00000000e5600000)
 ParOldGen       total 61952K, used 9849K [0x00000000a0000000, 0x00000000a3c80000, 0x00000000e0000000)
  object space 61952K, 15% used [0x00000000a0000000,0x00000000a099e4a8,0x00000000a3c80000)
 Metaspace       used 34542K, capacity 35442K, committed 35496K, reserved 1079296K
  class space    used 4591K, capacity 4852K, committed 4864K, reserved 1048576K
}
Event: 3.258 GC heap before
{Heap before GC invocations=11 (full 2):
 PSYoungGen      total 77312K, used 7945K [0x00000000e0000000, 0x00000000e5700000, 0x0000000100000000)
  eden space 66048K, 0% used [0x00000000e0000000,0x00000000e0000000,0x00000000e4080000)
  from space 11264K, 70% used [0x00000000e4080000,0x00000000e4842538,0x00000000e4b80000)
  to   space 10752K, 0% used [0x00000000e4b80000,0x00000000e4b80000,0x00000000e5600000)
 ParOldGen       total 61952K, used 9849K [0x00000000a0000000, 0x00000000a3c80000, 0x00000000e0000000)
  object space 61952K, 15% used [0x00000000a0000000,0x00000000a099e4a8,0x00000000a3c80000)
 Metaspace       used 34542K, capacity 35442K, committed 35496K, reserved 1079296K
  class space    used 4591K, capacity 4852K, committed 4864K, reserved 1048576K
Event: 3.289 GC heap after
Heap after GC invocations=11 (full 2):
 PSYoungGen      total 77312K, used 0K [0x00000000e0000000, 0x00000000e5700000, 0x0000000100000000)
  eden space 66048K, 0% used [0x00000000e0000000,0x00000000e0000000,0x00000000e4080000)
  from space 11264K, 0% used [0x00000000e4080000,0x00000000e4080000,0x00000000e4b80000)
  to   space 10752K, 0% used [0x00000000e4b80000,0x00000000e4b80000,0x00000000e5600000)
 ParOldGen       total 61952K, used 15178K [0x00000000a0000000, 0x00000000a3c80000, 0x00000000e0000000)
  object space 61952K, 24% used [0x00000000a0000000,0x00000000a0ed2868,0x00000000a3c80000)
 Metaspace       used 34495K, capacity 35338K, committed 35496K, reserved 1079296K
  class space    used 4579K, capacity 4840K, committed 4864K, reserved 1048576K
}
Event: 3.679 GC heap before
{Heap before GC invocations=12 (full 2):
 PSYoungGen      total 77312K, used 66048K [0x00000000e0000000, 0x00000000e5700000, 0x0000000100000000)
  eden space 66048K, 100% used [0x00000000e0000000,0x00000000e4080000,0x00000000e4080000)
  from space 11264K, 0% used [0x00000000e4080000,0x00000000e4080000,0x00000000e4b80000)
  to   space 10752K, 0% used [0x00000000e4b80000,0x00000000e4b80000,0x00000000e5600000)
 ParOldGen       total 61952K, used 15178K [0x00000000a0000000, 0x00000000a3c80000, 0x00000000e0000000)
  object space 61952K, 24% used [0x00000000a0000000,0x00000000a0ed2868,0x00000000a3c80000)
 Metaspace       used 37662K, capacity 38668K, committed 38912K, reserved 1083392K
  class space    used 5067K, capacity 5325K, committed 5376K, reserved 1048576K
Event: 3.683 GC heap after
Heap after GC invocations=12 (full 2):
 PSYoungGen      total 76800K, used 6393K [0x00000000e0000000, 0x00000000e5700000, 0x0000000100000000)
  eden space 66048K, 0% used [0x00000000e0000000,0x00000000e0000000,0x00000000e4080000)
  from space 10752K, 59% used [0x00000000e4b80000,0x00000000e51be480,0x00000000e5600000)
  to   space 11264K, 0% used [0x00000000e4080000,0x00000000e4080000,0x00000000e4b80000)
 ParOldGen       total 61952K, used 15178K [0x00000000a0000000, 0x00000000a3c80000, 0x00000000e0000000)
  object space 61952K, 24% used [0x00000000a0000000,0x00000000a0ed2868,0x00000000a3c80000)
 Metaspace       used 37662K, capacity 38668K, committed 38912K, reserved 1083392K
  class space    used 5067K, capacity 5325K, committed 5376K, reserved 1048576K
}

