# JRE version: OpenJDK Runtime Environment (8.0_242-b01) (build 1.8.0_242-release-1644-b01)
# Java VM: OpenJDK 64-Bit Server VM (25.242-b01 mixed mode windows-amd64 compressed oops)
Heap:
 PSYoungGen      total 76800K, used 25882K [0x00000000e0000000, 0x00000000e5700000, 0x0000000100000000)
  eden space 66048K, 27% used [0x00000000e0000000,0x00000000e11943b0,0x00000000e4080000)
  from space 10752K, 73% used [0x00000000e4b80000,0x00000000e5332498,0x00000000e5600000)
  to   space 11264K, 0% used [0x00000000e4080000,0x00000000e4080000,0x00000000e4b80000)
 ParOldGen       total 61440K, used 17505K [0x00000000a0000000, 0x00000000a3c00000, 0x00000000e0000000)
  object space 61440K, 28% used [0x00000000a0000000,0x00000000a1118770,0x00000000a3c00000)
 Metaspace       used 40712K, capacity 41908K, committed 42024K, reserved 1085440K
  class space    used 5498K, capacity 5835K, committed 5928K, reserved 1048576K
GC Heap History (10 events):
Event: 2.294 GC heap before
{Heap before GC invocations=8 (full 1):
 PSYoungGen      total 76800K, used 66048K [0x00000000e0000000, 0x00000000e5700000, 0x0000000100000000)
  eden space 66048K, 100% used [0x00000000e0000000,0x00000000e4080000,0x00000000e4080000)
  from space 10752K, 0% used [0x00000000e4b80000,0x00000000e4b80000,0x00000000e5600000)
  to   space 11264K, 0% used [0x00000000e4080000,0x00000000e4080000,0x00000000e4b80000)
 ParOldGen       total 61440K, used 9816K [0x00000000a0000000, 0x00000000a3c00000, 0x00000000e0000000)
  object space 61440K, 15% used [0x00000000a0000000,0x00000000a0996188,0x00000000a3c00000)
 Metaspace       used 28256K, capacity 28926K, committed 29184K, reserved 1075200K
  class space    used 3861K, capacity 4082K, committed 4096K, reserved 1048576K
Event: 2.299 GC heap after
Heap after GC invocations=8 (full 1):
 PSYoungGen      total 77312K, used 7624K [0x00000000e0000000, 0x00000000e5700000, 0x0000000100000000)
  eden space 66048K, 0% used [0x00000000e0000000,0x00000000e0000000,0x00000000e4080000)
  from space 11264K, 67% used [0x00000000e4080000,0x00000000e47f21b0,0x00000000e4b80000)
  to   space 10752K, 0% used [0x00000000e4b80000,0x00000000e4b80000,0x00000000e5600000)
 ParOldGen       total 61440K, used 9824K [0x00000000a0000000, 0x00000000a3c00000, 0x00000000e0000000)
  object space 61440K, 15% used [0x00000000a0000000,0x00000000a0998188,0x00000000a3c00000)
 Metaspace       used 28256K, capacity 28926K, committed 29184K, reserved 1075200K
  class space    used 3861K, capacity 4082K, committed 4096K, reserved 1048576K
}
Event: 2.655 GC heap before
{Heap before GC invocations=9 (full 1):
 PSYoungGen      total 77312K, used 73672K [0x00000000e0000000, 0x00000000e5700000, 0x0000000100000000)
  eden space 66048K, 100% used [0x00000000e0000000,0x00000000e4080000,0x00000000e4080000)
  from space 11264K, 67% used [0x00000000e4080000,0x00000000e47f21b0,0x00000000e4b80000)
  to   space 10752K, 0% used [0x00000000e4b80000,0x00000000e4b80000,0x00000000e5600000)
 ParOldGen       total 61440K, used 9824K [0x00000000a0000000, 0x00000000a3c00000, 0x00000000e0000000)
  object space 61440K, 15% used [0x00000000a0000000,0x00000000a0998188,0x00000000a3c00000)
 Metaspace       used 32185K, capacity 32978K, committed 33024K, reserved 1077248K
  class space    used 4348K, capacity 4590K, committed 4608K, reserved 1048576K
Event: 2.660 GC heap after
Heap after GC invocations=9 (full 1):
 PSYoungGen      total 76800K, used 8904K [0x00000000e0000000, 0x00000000e5700000, 0x0000000100000000)
  eden space 66048K, 0% used [0x00000000e0000000,0x00000000e0000000,0x00000000e4080000)
  from space 10752K, 82% used [0x00000000e4b80000,0x00000000e5432188,0x00000000e5600000)
  to   space 11264K, 0% used [0x00000000e4080000,0x00000000e4080000,0x00000000e4b80000)
 ParOldGen       total 61440K, used 9832K [0x00000000a0000000, 0x00000000a3c00000, 0x00000000e0000000)
  object space 61440K, 16% used [0x00000000a0000000,0x00000000a099a188,0x00000000a3c00000)
 Metaspace       used 32185K, capacity 32978K, committed 33024K, reserved 1077248K
  class space    used 4348K, capacity 4590K, committed 4608K, reserved 1048576K
}
Event: 2.882 GC heap before
{Heap before GC invocations=10 (full 1):
 PSYoungGen      total 76800K, used 51963K [0x00000000e0000000, 0x00000000e5700000, 0x0000000100000000)
  eden space 66048K, 65% used [0x00000000e0000000,0x00000000e2a0caf0,0x00000000e4080000)
  from space 10752K, 82% used [0x00000000e4b80000,0x00000000e5432188,0x00000000e5600000)
  to   space 11264K, 0% used [0x00000000e4080000,0x00000000e4080000,0x00000000e4b80000)
 ParOldGen       total 61440K, used 9832K [0x00000000a0000000, 0x00000000a3c00000, 0x00000000e0000000)
  object space 61440K, 16% used [0x00000000a0000000,0x00000000a099a188,0x00000000a3c00000)
 Metaspace       used 34503K, capacity 35426K, committed 35496K, reserved 1079296K
  class space    used 4728K, capacity 4993K, committed 5032K, reserved 1048576K
Event: 2.888 GC heap after
Heap after GC invocations=10 (full 1):
 PSYoungGen      total 77312K, used 10360K [0x00000000e0000000, 0x00000000e5700000, 0x0000000100000000)
  eden space 66048K, 0% used [0x00000000e0000000,0x00000000e0000000,0x00000000e4080000)
  from space 11264K, 91% used [0x00000000e4080000,0x00000000e4a9e318,0x00000000e4b80000)
  to   space 10752K, 0% used [0x00000000e4b80000,0x00000000e4b80000,0x00000000e5600000)
 ParOldGen       total 61440K, used 9840K [0x00000000a0000000, 0x00000000a3c00000, 0x00000000e0000000)
  object space 61440K, 16% used [0x00000000a0000000,0x00000000a099c188,0x00000000a3c00000)
 Metaspace       used 34503K, capacity 35426K, committed 35496K, reserved 1079296K
  class space    used 4728K, capacity 4993K, committed 5032K, reserved 1048576K
}
Event: 2.888 GC heap before
{Heap before GC invocations=11 (full 2):
 PSYoungGen      total 77312K, used 10360K [0x00000000e0000000, 0x00000000e5700000, 0x0000000100000000)
  eden space 66048K, 0% used [0x00000000e0000000,0x00000000e0000000,0x00000000e4080000)
  from space 11264K, 91% used [0x00000000e4080000,0x00000000e4a9e318,0x00000000e4b80000)
  to   space 10752K, 0% used [0x00000000e4b80000,0x00000000e4b80000,0x00000000e5600000)
 ParOldGen       total 61440K, used 9840K [0x00000000a0000000, 0x00000000a3c00000, 0x00000000e0000000)
  object space 61440K, 16% used [0x00000000a0000000,0x00000000a099c188,0x00000000a3c00000)
 Metaspace       used 34503K, capacity 35426K, committed 35496K, reserved 1079296K
  class space    used 4728K, capacity 4993K, committed 5032K, reserved 1048576K
Event: 2.923 GC heap after
Heap after GC invocations=11 (full 2):
 PSYoungGen      total 77312K, used 0K [0x00000000e0000000, 0x00000000e5700000, 0x0000000100000000)
  eden space 66048K, 0% used [0x00000000e0000000,0x00000000e0000000,0x00000000e4080000)
  from space 11264K, 0% used [0x00000000e4080000,0x00000000e4080000,0x00000000e4b80000)
  to   space 10752K, 0% used [0x00000000e4b80000,0x00000000e4b80000,0x00000000e5600000)
 ParOldGen       total 61440K, used 17497K [0x00000000a0000000, 0x00000000a3c00000, 0x00000000e0000000)
  object space 61440K, 28% used [0x00000000a0000000,0x00000000a1116770,0x00000000a3c00000)
 Metaspace       used 34503K, capacity 35426K, committed 35496K, reserved 1079296K
  class space    used 4728K, capacity 4993K, committed 5032K, reserved 1048576K
}
Event: 3.343 GC heap before
{Heap before GC invocations=12 (full 2):
 PSYoungGen      total 77312K, used 66048K [0x00000000e0000000, 0x00000000e5700000, 0x0000000100000000)
  eden space 66048K, 100% used [0x00000000e0000000,0x00000000e4080000,0x00000000e4080000)
  from space 11264K, 0% used [0x00000000e4080000,0x00000000e4080000,0x00000000e4b80000)
  to   space 10752K, 0% used [0x00000000e4b80000,0x00000000e4b80000,0x00000000e5600000)
 ParOldGen       total 61440K, used 17497K [0x00000000a0000000, 0x00000000a3c00000, 0x00000000e0000000)
  object space 61440K, 28% used [0x00000000a0000000,0x00000000a1116770,0x00000000a3c00000)
 Metaspace       used 39299K, capacity 40404K, committed 40488K, reserved 1083392K
  class space    used 5299K, capacity 5611K, committed 5672K, reserved 1048576K
Event: 3.347 GC heap after
Heap after GC invocations=12 (full 2):
 PSYoungGen      total 76800K, used 7881K [0x00000000e0000000, 0x00000000e5700000, 0x0000000100000000)
  eden space 66048K, 0% used [0x00000000e0000000,0x00000000e0000000,0x00000000e4080000)
  from space 10752K, 73% used [0x00000000e4b80000,0x00000000e5332498,0x00000000e5600000)
  to   space 11264K, 0% used [0x00000000e4080000,0x00000000e4080000,0x00000000e4b80000)
 ParOldGen       total 61440K, used 17505K [0x00000000a0000000, 0x00000000a3c00000, 0x00000000e0000000)
  object space 61440K, 28% used [0x00000000a0000000,0x00000000a1118770,0x00000000a3c00000)
 Metaspace       used 39299K, capacity 40404K, committed 40488K, reserved 1083392K
  class space    used 5299K, capacity 5611K, committed 5672K, reserved 1048576K
}

