# JRE version: OpenJDK Runtime Environment (8.0_242-b01) (build 1.8.0_242-release-1644-b01)
# Java VM: OpenJDK 64-Bit Server VM (25.242-b01 mixed mode windows-amd64 compressed oops)
Heap:
 PSYoungGen      total 76288K, used 31339K [0x00000000e0000000, 0x00000000e5800000, 0x0000000100000000)
  eden space 65536K, 33% used [0x00000000e0000000,0x00000000e15c1b00,0x00000000e4000000)
  from space 10752K, 84% used [0x00000000e4b80000,0x00000000e5459370,0x00000000e5600000)
  to   space 11776K, 0% used [0x00000000e4000000,0x00000000e4000000,0x00000000e4b80000)
 ParOldGen       total 61440K, used 9828K [0x00000000a0000000, 0x00000000a3c00000, 0x00000000e0000000)
  object space 61440K, 15% used [0x00000000a0000000,0x00000000a0999020,0x00000000a3c00000)
 Metaspace       used 33435K, capacity 34320K, committed 34560K, reserved 1079296K
  class space    used 4566K, capacity 4821K, committed 4864K, reserved 1048576K
GC Heap History (10 events):
Event: 1.505 GC heap before
{Heap before GC invocations=5 (full 0):
 PSYoungGen      total 38400K, used 38392K [0x00000000e0000000, 0x00000000e4b00000, 0x0000000100000000)
  eden space 33280K, 100% used [0x00000000e0000000,0x00000000e2080000,0x00000000e2080000)
  from space 5120K, 99% used [0x00000000e2580000,0x00000000e2a7e030,0x00000000e2a80000)
  to   space 5120K, 0% used [0x00000000e2080000,0x00000000e2080000,0x00000000e2580000)
 ParOldGen       total 87552K, used 4226K [0x00000000a0000000, 0x00000000a5580000, 0x00000000e0000000)
  object space 87552K, 4% used [0x00000000a0000000,0x00000000a0420858,0x00000000a5580000)
 Metaspace       used 17491K, capacity 18012K, committed 18304K, reserved 1064960K
  class space    used 2510K, capacity 2664K, committed 2688K, reserved 1048576K
Event: 1.511 GC heap after
Heap after GC invocations=5 (full 0):
 PSYoungGen      total 38400K, used 5112K [0x00000000e0000000, 0x00000000e5600000, 0x0000000100000000)
  eden space 33280K, 0% used [0x00000000e0000000,0x00000000e0000000,0x00000000e2080000)
  from space 5120K, 99% used [0x00000000e2080000,0x00000000e257e030,0x00000000e2580000)
  to   space 10752K, 0% used [0x00000000e4b80000,0x00000000e4b80000,0x00000000e5600000)
 ParOldGen       total 87552K, used 7769K [0x00000000a0000000, 0x00000000a5580000, 0x00000000e0000000)
  object space 87552K, 8% used [0x00000000a0000000,0x00000000a0796760,0x00000000a5580000)
 Metaspace       used 17491K, capacity 18012K, committed 18304K, reserved 1064960K
  class space    used 2510K, capacity 2664K, committed 2688K, reserved 1048576K
}
Event: 1.784 GC heap before
{Heap before GC invocations=6 (full 0):
 PSYoungGen      total 38400K, used 37597K [0x00000000e0000000, 0x00000000e5600000, 0x0000000100000000)
  eden space 33280K, 97% used [0x00000000e0000000,0x00000000e1fb96f0,0x00000000e2080000)
  from space 5120K, 99% used [0x00000000e2080000,0x00000000e257e030,0x00000000e2580000)
  to   space 10752K, 0% used [0x00000000e4b80000,0x00000000e4b80000,0x00000000e5600000)
 ParOldGen       total 87552K, used 7769K [0x00000000a0000000, 0x00000000a5580000, 0x00000000e0000000)
  object space 87552K, 8% used [0x00000000a0000000,0x00000000a0796760,0x00000000a5580000)
 Metaspace       used 20589K, capacity 21212K, committed 21296K, reserved 1067008K
  class space    used 2982K, capacity 3177K, committed 3200K, reserved 1048576K
Event: 1.790 GC heap after
Heap after GC invocations=6 (full 0):
 PSYoungGen      total 76288K, used 9014K [0x00000000e0000000, 0x00000000e5800000, 0x0000000100000000)
  eden space 65536K, 0% used [0x00000000e0000000,0x00000000e0000000,0x00000000e4000000)
  from space 10752K, 83% used [0x00000000e4b80000,0x00000000e544da88,0x00000000e5600000)
  to   space 11776K, 0% used [0x00000000e4000000,0x00000000e4000000,0x00000000e4b80000)
 ParOldGen       total 87552K, used 7777K [0x00000000a0000000, 0x00000000a5580000, 0x00000000e0000000)
  object space 87552K, 8% used [0x00000000a0000000,0x00000000a0798760,0x00000000a5580000)
 Metaspace       used 20589K, capacity 21212K, committed 21296K, reserved 1067008K
  class space    used 2982K, capacity 3177K, committed 3200K, reserved 1048576K
}
Event: 1.790 GC heap before
{Heap before GC invocations=7 (full 1):
 PSYoungGen      total 76288K, used 9014K [0x00000000e0000000, 0x00000000e5800000, 0x0000000100000000)
  eden space 65536K, 0% used [0x00000000e0000000,0x00000000e0000000,0x00000000e4000000)
  from space 10752K, 83% used [0x00000000e4b80000,0x00000000e544da88,0x00000000e5600000)
  to   space 11776K, 0% used [0x00000000e4000000,0x00000000e4000000,0x00000000e4b80000)
 ParOldGen       total 87552K, used 7777K [0x00000000a0000000, 0x00000000a5580000, 0x00000000e0000000)
  object space 87552K, 8% used [0x00000000a0000000,0x00000000a0798760,0x00000000a5580000)
 Metaspace       used 20589K, capacity 21212K, committed 21296K, reserved 1067008K
  class space    used 2982K, capacity 3177K, committed 3200K, reserved 1048576K
Event: 1.813 GC heap after
Heap after GC invocations=7 (full 1):
 PSYoungGen      total 76288K, used 0K [0x00000000e0000000, 0x00000000e5800000, 0x0000000100000000)
  eden space 65536K, 0% used [0x00000000e0000000,0x00000000e0000000,0x00000000e4000000)
  from space 10752K, 0% used [0x00000000e4b80000,0x00000000e4b80000,0x00000000e5600000)
  to   space 11776K, 0% used [0x00000000e4000000,0x00000000e4000000,0x00000000e4b80000)
 ParOldGen       total 61440K, used 9812K [0x00000000a0000000, 0x00000000a3c00000, 0x00000000e0000000)
  object space 61440K, 15% used [0x00000000a0000000,0x00000000a0995020,0x00000000a3c00000)
 Metaspace       used 20589K, capacity 21212K, committed 21296K, reserved 1067008K
  class space    used 2982K, capacity 3177K, committed 3200K, reserved 1048576K
}
Event: 2.201 GC heap before
{Heap before GC invocations=8 (full 1):
 PSYoungGen      total 76288K, used 65536K [0x00000000e0000000, 0x00000000e5800000, 0x0000000100000000)
  eden space 65536K, 100% used [0x00000000e0000000,0x00000000e4000000,0x00000000e4000000)
  from space 10752K, 0% used [0x00000000e4b80000,0x00000000e4b80000,0x00000000e5600000)
  to   space 11776K, 0% used [0x00000000e4000000,0x00000000e4000000,0x00000000e4b80000)
 ParOldGen       total 61440K, used 9812K [0x00000000a0000000, 0x00000000a3c00000, 0x00000000e0000000)
  object space 61440K, 15% used [0x00000000a0000000,0x00000000a0995020,0x00000000a3c00000)
 Metaspace       used 28282K, capacity 28926K, committed 29184K, reserved 1075200K
  class space    used 3868K, capacity 4082K, committed 4096K, reserved 1048576K
Event: 2.206 GC heap after
Heap after GC invocations=8 (full 1):
 PSYoungGen      total 77312K, used 7667K [0x00000000e0000000, 0x00000000e5800000, 0x0000000100000000)
  eden space 65536K, 0% used [0x00000000e0000000,0x00000000e0000000,0x00000000e4000000)
  from space 11776K, 65% used [0x00000000e4000000,0x00000000e477cf38,0x00000000e4b80000)
  to   space 10752K, 0% used [0x00000000e4b80000,0x00000000e4b80000,0x00000000e5600000)
 ParOldGen       total 61440K, used 9820K [0x00000000a0000000, 0x00000000a3c00000, 0x00000000e0000000)
  object space 61440K, 15% used [0x00000000a0000000,0x00000000a0997020,0x00000000a3c00000)
 Metaspace       used 28282K, capacity 28926K, committed 29184K, reserved 1075200K
  class space    used 3868K, capacity 4082K, committed 4096K, reserved 1048576K
}
Event: 2.554 GC heap before
{Heap before GC invocations=9 (full 1):
 PSYoungGen      total 77312K, used 73203K [0x00000000e0000000, 0x00000000e5800000, 0x0000000100000000)
  eden space 65536K, 100% used [0x00000000e0000000,0x00000000e4000000,0x00000000e4000000)
  from space 11776K, 65% used [0x00000000e4000000,0x00000000e477cf38,0x00000000e4b80000)
  to   space 10752K, 0% used [0x00000000e4b80000,0x00000000e4b80000,0x00000000e5600000)
 ParOldGen       total 61440K, used 9820K [0x00000000a0000000, 0x00000000a3c00000, 0x00000000e0000000)
  object space 61440K, 15% used [0x00000000a0000000,0x00000000a0997020,0x00000000a3c00000)
 Metaspace       used 32256K, capacity 33092K, committed 33408K, reserved 1077248K
  class space    used 4364K, capacity 4625K, committed 4736K, reserved 1048576K
Event: 2.559 GC heap after
Heap after GC invocations=9 (full 1):
 PSYoungGen      total 76288K, used 9060K [0x00000000e0000000, 0x00000000e5800000, 0x0000000100000000)
  eden space 65536K, 0% used [0x00000000e0000000,0x00000000e0000000,0x00000000e4000000)
  from space 10752K, 84% used [0x00000000e4b80000,0x00000000e5459370,0x00000000e5600000)
  to   space 11776K, 0% used [0x00000000e4000000,0x00000000e4000000,0x00000000e4b80000)
 ParOldGen       total 61440K, used 9828K [0x00000000a0000000, 0x00000000a3c00000, 0x00000000e0000000)
  object space 61440K, 15% used [0x00000000a0000000,0x00000000a0999020,0x00000000a3c00000)
 Metaspace       used 32256K, capacity 33092K, committed 33408K, reserved 1077248K
  class space    used 4364K, capacity 4625K, committed 4736K, reserved 1048576K
}

