# JRE version: OpenJDK Runtime Environment (8.0_242-b01) (build 1.8.0_242-release-1644-b01)
# Java VM: OpenJDK 64-Bit Server VM (25.242-b01 mixed mode windows-amd64 compressed oops)
Heap:
 PSYoungGen      total 196608K, used 82446K [0x00000000e0000000, 0x00000000efc80000, 0x0000000100000000)
  eden space 177664K, 37% used [0x00000000e0000000,0x00000000e40e82a8,0x00000000ead80000)
  from space 18944K, 84% used [0x00000000ead80000,0x00000000ebd1b7f8,0x00000000ec000000)
  to   space 20992K, 0% used [0x00000000ee800000,0x00000000ee800000,0x00000000efc80000)
 ParOldGen       total 127488K, used 29727K [0x00000000a0000000, 0x00000000a7c80000, 0x00000000e0000000)
  object space 127488K, 23% used [0x00000000a0000000,0x00000000a1d07f90,0x00000000a7c80000)
 Metaspace       used 66439K, capacity 69158K, committed 69504K, reserved 1110016K
  class space    used 8998K, capacity 9518K, committed 9600K, reserved 1048576K
GC Heap History (10 events):
Event: 5.798 GC heap before
{Heap before GC invocations=12 (full 2):
 PSYoungGen      total 118272K, used 106496K [0x00000000e0000000, 0x00000000ea780000, 0x0000000100000000)
  eden space 106496K, 100% used [0x00000000e0000000,0x00000000e6800000,0x00000000e6800000)
  from space 11776K, 0% used [0x00000000e6800000,0x00000000e6800000,0x00000000e7380000)
  to   space 12288K, 0% used [0x00000000e9b80000,0x00000000e9b80000,0x00000000ea780000)
 ParOldGen       total 87040K, used 16528K [0x00000000a0000000, 0x00000000a5500000, 0x00000000e0000000)
  object space 87040K, 18% used [0x00000000a0000000,0x00000000a1024090,0x00000000a5500000)
 Metaspace       used 44421K, capacity 45646K, committed 45824K, reserved 1089536K
  class space    used 5985K, capacity 6289K, committed 6400K, reserved 1048576K
Event: 5.806 GC heap after
Heap after GC invocations=12 (full 2):
 PSYoungGen      total 150528K, used 12287K [0x00000000e0000000, 0x00000000ea780000, 0x0000000100000000)
  eden space 138240K, 0% used [0x00000000e0000000,0x00000000e0000000,0x00000000e8700000)
  from space 12288K, 99% used [0x00000000e9b80000,0x00000000ea77ff70,0x00000000ea780000)
  to   space 14336K, 0% used [0x00000000e8b80000,0x00000000e8b80000,0x00000000e9980000)
 ParOldGen       total 87040K, used 17841K [0x00000000a0000000, 0x00000000a5500000, 0x00000000e0000000)
  object space 87040K, 20% used [0x00000000a0000000,0x00000000a116c628,0x00000000a5500000)
 Metaspace       used 44421K, capacity 45646K, committed 45824K, reserved 1089536K
  class space    used 5985K, capacity 6289K, committed 6400K, reserved 1048576K
}
Event: 7.300 GC heap before
{Heap before GC invocations=13 (full 2):
 PSYoungGen      total 150528K, used 150527K [0x00000000e0000000, 0x00000000ea780000, 0x0000000100000000)
  eden space 138240K, 100% used [0x00000000e0000000,0x00000000e8700000,0x00000000e8700000)
  from space 12288K, 99% used [0x00000000e9b80000,0x00000000ea77ff70,0x00000000ea780000)
  to   space 14336K, 0% used [0x00000000e8b80000,0x00000000e8b80000,0x00000000e9980000)
 ParOldGen       total 87040K, used 17841K [0x00000000a0000000, 0x00000000a5500000, 0x00000000e0000000)
  object space 87040K, 20% used [0x00000000a0000000,0x00000000a116c628,0x00000000a5500000)
 Metaspace       used 55669K, capacity 57426K, committed 57472K, reserved 1099776K
  class space    used 7613K, capacity 8020K, committed 8064K, reserved 1048576K
Event: 7.314 GC heap after
Heap after GC invocations=13 (full 2):
 PSYoungGen      total 157184K, used 14314K [0x00000000e0000000, 0x00000000ed280000, 0x0000000100000000)
  eden space 142848K, 0% used [0x00000000e0000000,0x00000000e0000000,0x00000000e8b80000)
  from space 14336K, 99% used [0x00000000e8b80000,0x00000000e997aa18,0x00000000e9980000)
  to   space 18944K, 0% used [0x00000000ec000000,0x00000000ec000000,0x00000000ed280000)
 ParOldGen       total 87040K, used 25523K [0x00000000a0000000, 0x00000000a5500000, 0x00000000e0000000)
  object space 87040K, 29% used [0x00000000a0000000,0x00000000a18eceb8,0x00000000a5500000)
 Metaspace       used 55669K, capacity 57426K, committed 57472K, reserved 1099776K
  class space    used 7613K, capacity 8020K, committed 8064K, reserved 1048576K
}
Event: 7.553 GC heap before
{Heap before GC invocations=14 (full 2):
 PSYoungGen      total 157184K, used 41360K [0x00000000e0000000, 0x00000000ed280000, 0x0000000100000000)
  eden space 142848K, 18% used [0x00000000e0000000,0x00000000e1a697e8,0x00000000e8b80000)
  from space 14336K, 99% used [0x00000000e8b80000,0x00000000e997aa18,0x00000000e9980000)
  to   space 18944K, 0% used [0x00000000ec000000,0x00000000ec000000,0x00000000ed280000)
 ParOldGen       total 87040K, used 25523K [0x00000000a0000000, 0x00000000a5500000, 0x00000000e0000000)
  object space 87040K, 29% used [0x00000000a0000000,0x00000000a18eceb8,0x00000000a5500000)
 Metaspace       used 57201K, capacity 59006K, committed 59096K, reserved 1099776K
  class space    used 7830K, capacity 8242K, committed 8320K, reserved 1048576K
Event: 7.561 GC heap after
Heap after GC invocations=14 (full 2):
 PSYoungGen      total 196608K, used 2688K [0x00000000e0000000, 0x00000000ee080000, 0x0000000100000000)
  eden space 177664K, 0% used [0x00000000e0000000,0x00000000e0000000,0x00000000ead80000)
  from space 18944K, 14% used [0x00000000ec000000,0x00000000ec2a02b8,0x00000000ed280000)
  to   space 18944K, 0% used [0x00000000ead80000,0x00000000ead80000,0x00000000ec000000)
 ParOldGen       total 87040K, used 32524K [0x00000000a0000000, 0x00000000a5500000, 0x00000000e0000000)
  object space 87040K, 37% used [0x00000000a0000000,0x00000000a1fc3228,0x00000000a5500000)
 Metaspace       used 57201K, capacity 59006K, committed 59096K, reserved 1099776K
  class space    used 7830K, capacity 8242K, committed 8320K, reserved 1048576K
}
Event: 7.561 GC heap before
{Heap before GC invocations=15 (full 3):
 PSYoungGen      total 196608K, used 2688K [0x00000000e0000000, 0x00000000ee080000, 0x0000000100000000)
  eden space 177664K, 0% used [0x00000000e0000000,0x00000000e0000000,0x00000000ead80000)
  from space 18944K, 14% used [0x00000000ec000000,0x00000000ec2a02b8,0x00000000ed280000)
  to   space 18944K, 0% used [0x00000000ead80000,0x00000000ead80000,0x00000000ec000000)
 ParOldGen       total 87040K, used 32524K [0x00000000a0000000, 0x00000000a5500000, 0x00000000e0000000)
  object space 87040K, 37% used [0x00000000a0000000,0x00000000a1fc3228,0x00000000a5500000)
 Metaspace       used 57201K, capacity 59006K, committed 59096K, reserved 1099776K
  class space    used 7830K, capacity 8242K, committed 8320K, reserved 1048576K
Event: 7.706 GC heap after
Heap after GC invocations=15 (full 3):
 PSYoungGen      total 196608K, used 0K [0x00000000e0000000, 0x00000000ee080000, 0x0000000100000000)
  eden space 177664K, 0% used [0x00000000e0000000,0x00000000e0000000,0x00000000ead80000)
  from space 18944K, 0% used [0x00000000ec000000,0x00000000ec000000,0x00000000ed280000)
  to   space 18944K, 0% used [0x00000000ead80000,0x00000000ead80000,0x00000000ec000000)
 ParOldGen       total 127488K, used 29719K [0x00000000a0000000, 0x00000000a7c80000, 0x00000000e0000000)
  object space 127488K, 23% used [0x00000000a0000000,0x00000000a1d05f90,0x00000000a7c80000)
 Metaspace       used 57201K, capacity 59006K, committed 59096K, reserved 1099776K
  class space    used 7830K, capacity 8242K, committed 8320K, reserved 1048576K
}
Event: 11.046 GC heap before
{Heap before GC invocations=16 (full 3):
 PSYoungGen      total 196608K, used 177664K [0x00000000e0000000, 0x00000000ee080000, 0x0000000100000000)
  eden space 177664K, 100% used [0x00000000e0000000,0x00000000ead80000,0x00000000ead80000)
  from space 18944K, 0% used [0x00000000ec000000,0x00000000ec000000,0x00000000ed280000)
  to   space 18944K, 0% used [0x00000000ead80000,0x00000000ead80000,0x00000000ec000000)
 ParOldGen       total 127488K, used 29719K [0x00000000a0000000, 0x00000000a7c80000, 0x00000000e0000000)
  object space 127488K, 23% used [0x00000000a0000000,0x00000000a1d05f90,0x00000000a7c80000)
 Metaspace       used 65273K, capacity 67954K, committed 68096K, reserved 1107968K
  class space    used 8867K, capacity 9440K, committed 9472K, reserved 1048576K
Event: 11.059 GC heap after
Heap after GC invocations=16 (full 3):
 PSYoungGen      total 196608K, used 15981K [0x00000000e0000000, 0x00000000efc80000, 0x0000000100000000)
  eden space 177664K, 0% used [0x00000000e0000000,0x00000000e0000000,0x00000000ead80000)
  from space 18944K, 84% used [0x00000000ead80000,0x00000000ebd1b7f8,0x00000000ec000000)
  to   space 20992K, 0% used [0x00000000ee800000,0x00000000ee800000,0x00000000efc80000)
 ParOldGen       total 127488K, used 29727K [0x00000000a0000000, 0x00000000a7c80000, 0x00000000e0000000)
  object space 127488K, 23% used [0x00000000a0000000,0x00000000a1d07f90,0x00000000a7c80000)
 Metaspace       used 65273K, capacity 67954K, committed 68096K, reserved 1107968K
  class space    used 8867K, capacity 9440K, committed 9472K, reserved 1048576K
}

