# JRE version: OpenJDK Runtime Environment (8.0_242-b01) (build 1.8.0_242-release-1644-b01)
# Java VM: OpenJDK 64-Bit Server VM (25.242-b01 mixed mode windows-amd64 compressed oops)
Heap:
 PSYoungGen      total 263168K, used 98418K [0x00000000e0000000, 0x00000000f6f00000, 0x0000000100000000)
  eden space 261120K, 36% used [0x00000000e0000000,0x00000000e5e31028,0x00000000eff00000)
  from space 2048K, 96% used [0x00000000f6d00000,0x00000000f6eeb8e0,0x00000000f6f00000)
  to   space 15872K, 0% used [0x00000000f5000000,0x00000000f5000000,0x00000000f5f80000)
 ParOldGen       total 84480K, used 28493K [0x00000000a0000000, 0x00000000a5280000, 0x00000000e0000000)
  object space 84480K, 33% used [0x00000000a0000000,0x00000000a1bd37d0,0x00000000a5280000)
 Metaspace       used 47798K, capacity 49150K, committed 49408K, reserved 1091584K
  class space    used 6044K, capacity 6380K, committed 6400K, reserved 1048576K
GC Heap History (10 events):
Event: 9.215 GC heap before
{Heap before GC invocations=14 (full 1):
 PSYoungGen      total 212992K, used 205568K [0x00000000e0000000, 0x00000000ee200000, 0x0000000100000000)
  eden space 204800K, 100% used [0x00000000e0000000,0x00000000ec800000,0x00000000ec800000)
  from space 8192K, 9% used [0x00000000eda00000,0x00000000edac0000,0x00000000ee200000)
  to   space 13312K, 0% used [0x00000000ec800000,0x00000000ec800000,0x00000000ed500000)
 ParOldGen       total 58368K, used 16029K [0x00000000a0000000, 0x00000000a3900000, 0x00000000e0000000)
  object space 58368K, 27% used [0x00000000a0000000,0x00000000a0fa74d0,0x00000000a3900000)
 Metaspace       used 33588K, capacity 34336K, committed 34560K, reserved 1079296K
  class space    used 4521K, capacity 4742K, committed 4864K, reserved 1048576K
Event: 9.219 GC heap after
Heap after GC invocations=14 (full 1):
 PSYoungGen      total 218112K, used 6619K [0x00000000e0000000, 0x00000000f2280000, 0x0000000100000000)
  eden space 204800K, 0% used [0x00000000e0000000,0x00000000e0000000,0x00000000ec800000)
  from space 13312K, 49% used [0x00000000ec800000,0x00000000ece76e18,0x00000000ed500000)
  to   space 12800K, 0% used [0x00000000f1600000,0x00000000f1600000,0x00000000f2280000)
 ParOldGen       total 58368K, used 16637K [0x00000000a0000000, 0x00000000a3900000, 0x00000000e0000000)
  object space 58368K, 28% used [0x00000000a0000000,0x00000000a103f4d0,0x00000000a3900000)
 Metaspace       used 33588K, capacity 34336K, committed 34560K, reserved 1079296K
  class space    used 4521K, capacity 4742K, committed 4864K, reserved 1048576K
}
Event: 9.518 GC heap before
{Heap before GC invocations=15 (full 1):
 PSYoungGen      total 218112K, used 67911K [0x00000000e0000000, 0x00000000f2280000, 0x0000000100000000)
  eden space 204800K, 29% used [0x00000000e0000000,0x00000000e3bdb088,0x00000000ec800000)
  from space 13312K, 49% used [0x00000000ec800000,0x00000000ece76e18,0x00000000ed500000)
  to   space 12800K, 0% used [0x00000000f1600000,0x00000000f1600000,0x00000000f2280000)
 ParOldGen       total 58368K, used 16637K [0x00000000a0000000, 0x00000000a3900000, 0x00000000e0000000)
  object space 58368K, 28% used [0x00000000a0000000,0x00000000a103f4d0,0x00000000a3900000)
 Metaspace       used 34581K, capacity 35472K, committed 35496K, reserved 1079296K
  class space    used 4607K, capacity 4861K, committed 4864K, reserved 1048576K
Event: 9.522 GC heap after
Heap after GC invocations=15 (full 1):
 PSYoungGen      total 284672K, used 2824K [0x00000000e0000000, 0x00000000f2880000, 0x0000000100000000)
  eden space 271872K, 0% used [0x00000000e0000000,0x00000000e0000000,0x00000000f0980000)
  from space 12800K, 22% used [0x00000000f1600000,0x00000000f18c2240,0x00000000f2280000)
  to   space 12800K, 0% used [0x00000000f0980000,0x00000000f0980000,0x00000000f1600000)
 ParOldGen       total 58368K, used 23232K [0x00000000a0000000, 0x00000000a3900000, 0x00000000e0000000)
  object space 58368K, 39% used [0x00000000a0000000,0x00000000a16b02e8,0x00000000a3900000)
 Metaspace       used 34581K, capacity 35472K, committed 35496K, reserved 1079296K
  class space    used 4607K, capacity 4861K, committed 4864K, reserved 1048576K
}
Event: 9.522 GC heap before
{Heap before GC invocations=16 (full 2):
 PSYoungGen      total 284672K, used 2824K [0x00000000e0000000, 0x00000000f2880000, 0x0000000100000000)
  eden space 271872K, 0% used [0x00000000e0000000,0x00000000e0000000,0x00000000f0980000)
  from space 12800K, 22% used [0x00000000f1600000,0x00000000f18c2240,0x00000000f2280000)
  to   space 12800K, 0% used [0x00000000f0980000,0x00000000f0980000,0x00000000f1600000)
 ParOldGen       total 58368K, used 23232K [0x00000000a0000000, 0x00000000a3900000, 0x00000000e0000000)
  object space 58368K, 39% used [0x00000000a0000000,0x00000000a16b02e8,0x00000000a3900000)
 Metaspace       used 34581K, capacity 35472K, committed 35496K, reserved 1079296K
  class space    used 4607K, capacity 4861K, committed 4864K, reserved 1048576K
Event: 9.551 GC heap after
Heap after GC invocations=16 (full 2):
 PSYoungGen      total 284672K, used 0K [0x00000000e0000000, 0x00000000f2880000, 0x0000000100000000)
  eden space 271872K, 0% used [0x00000000e0000000,0x00000000e0000000,0x00000000f0980000)
  from space 12800K, 0% used [0x00000000f1600000,0x00000000f1600000,0x00000000f2280000)
  to   space 12800K, 0% used [0x00000000f0980000,0x00000000f0980000,0x00000000f1600000)
 ParOldGen       total 84480K, used 15427K [0x00000000a0000000, 0x00000000a5280000, 0x00000000e0000000)
  object space 84480K, 18% used [0x00000000a0000000,0x00000000a0f10eb8,0x00000000a5280000)
 Metaspace       used 34515K, capacity 35344K, committed 35496K, reserved 1079296K
  class space    used 4588K, capacity 4841K, committed 4864K, reserved 1048576K
}
Event: 46.601 GC heap before
{Heap before GC invocations=17 (full 2):
 PSYoungGen      total 284672K, used 271872K [0x00000000e0000000, 0x00000000f2880000, 0x0000000100000000)
  eden space 271872K, 100% used [0x00000000e0000000,0x00000000f0980000,0x00000000f0980000)
  from space 12800K, 0% used [0x00000000f1600000,0x00000000f1600000,0x00000000f2280000)
  to   space 12800K, 0% used [0x00000000f0980000,0x00000000f0980000,0x00000000f1600000)
 ParOldGen       total 84480K, used 15427K [0x00000000a0000000, 0x00000000a5280000, 0x00000000e0000000)
  object space 84480K, 18% used [0x00000000a0000000,0x00000000a0f10eb8,0x00000000a5280000)
 Metaspace       used 47081K, capacity 48302K, committed 48640K, reserved 1091584K
  class space    used 5996K, capacity 6308K, committed 6400K, reserved 1048576K
Event: 46.610 GC heap after
Heap after GC invocations=17 (full 2):
 PSYoungGen      total 284672K, used 12785K [0x00000000e0000000, 0x00000000f7c80000, 0x0000000100000000)
  eden space 271872K, 0% used [0x00000000e0000000,0x00000000e0000000,0x00000000f0980000)
  from space 12800K, 99% used [0x00000000f0980000,0x00000000f15fc730,0x00000000f1600000)
  to   space 15872K, 0% used [0x00000000f6d00000,0x00000000f6d00000,0x00000000f7c80000)
 ParOldGen       total 84480K, used 18618K [0x00000000a0000000, 0x00000000a5280000, 0x00000000e0000000)
  object space 84480K, 22% used [0x00000000a0000000,0x00000000a122e968,0x00000000a5280000)
 Metaspace       used 47081K, capacity 48302K, committed 48640K, reserved 1091584K
  class space    used 5996K, capacity 6308K, committed 6400K, reserved 1048576K
}
Event: 137.997 GC heap before
{Heap before GC invocations=18 (full 2):
 PSYoungGen      total 284672K, used 284657K [0x00000000e0000000, 0x00000000f7c80000, 0x0000000100000000)
  eden space 271872K, 100% used [0x00000000e0000000,0x00000000f0980000,0x00000000f0980000)
  from space 12800K, 99% used [0x00000000f0980000,0x00000000f15fc730,0x00000000f1600000)
  to   space 15872K, 0% used [0x00000000f6d00000,0x00000000f6d00000,0x00000000f7c80000)
 ParOldGen       total 84480K, used 18618K [0x00000000a0000000, 0x00000000a5280000, 0x00000000e0000000)
  object space 84480K, 22% used [0x00000000a0000000,0x00000000a122e968,0x00000000a5280000)
 Metaspace       used 47304K, capacity 48548K, committed 48640K, reserved 1091584K
  class space    used 6004K, capacity 6317K, committed 6400K, reserved 1048576K
Event: 138.003 GC heap after
Heap after GC invocations=18 (full 2):
 PSYoungGen      total 263168K, used 1966K [0x00000000e0000000, 0x00000000f6f00000, 0x0000000100000000)
  eden space 261120K, 0% used [0x00000000e0000000,0x00000000e0000000,0x00000000eff00000)
  from space 2048K, 96% used [0x00000000f6d00000,0x00000000f6eeb8e0,0x00000000f6f00000)
  to   space 15872K, 0% used [0x00000000f5000000,0x00000000f5000000,0x00000000f5f80000)
 ParOldGen       total 84480K, used 28493K [0x00000000a0000000, 0x00000000a5280000, 0x00000000e0000000)
  object space 84480K, 33% used [0x00000000a0000000,0x00000000a1bd37d0,0x00000000a5280000)
 Metaspace       used 47304K, capacity 48548K, committed 48640K, reserved 1091584K
  class space    used 6004K, capacity 6317K, committed 6400K, reserved 1048576K
}

